# JRE version: Java(TM) SE Runtime Environment (8.0_92-b14) (build 1.8.0_92-b14)
# Java VM: Java HotSpot(TM) Client VM (25.92-b14 mixed mode windows-x86 )
Heap:
 def new generation   total 39424K, used 7944K [0x04800000, 0x072c0000, 0x0f2a0000)
  eden space 35072K,  12% used [0x04800000, 0x04c241e0, 0x06a40000)
  from space 4352K,  85% used [0x06a40000, 0x06dde030, 0x06e80000)
  to   space 4352K,   0% used [0x06e80000, 0x06e80000, 0x072c0000)
 tenured generation   total 87424K, used 45691K [0x0f2a0000, 0x14800000, 0x24800000)
   the space 87424K,  52% used [0x0f2a0000, 0x11f3ed80, 0x11f3ee00, 0x14800000)
 Metaspace       used 18355K, capacity 18817K, committed 18944K, reserved 19840K
GC Heap History (10 events):
Event: 1.752 GC heap before
{Heap before GC invocations=4 (full 1):
 def new generation   total 39424K, used 39424K [0x04800000, 0x072c0000, 0x0f2a0000)
  eden space 35072K, 100% used [0x04800000, 0x06a40000, 0x06a40000)
  from space 4352K, 100% used [0x06e80000, 0x072c0000, 0x072c0000)
  to   space 4352K,   0% used [0x06a40000, 0x06a40000, 0x06e80000)
 tenured generation   total 87424K, used 19938K [0x0f2a0000, 0x14800000, 0x24800000)
   the space 87424K,  22% used [0x0f2a0000, 0x10618ae0, 0x10618c00, 0x14800000)
 Metaspace       used 17190K, capacity 17632K, committed 17664K, reserved 17792K
Event: 1.765 GC heap after
Heap after GC invocations=5 (full 1):
 def new generation   total 39424K, used 4352K [0x04800000, 0x072c0000, 0x0f2a0000)
  eden space 35072K,   0% used [0x04800000, 0x04800000, 0x06a40000)
  from space 4352K, 100% used [0x06a40000, 0x06e80000, 0x06e80000)
  to   space 4352K,   0% used [0x06e80000, 0x06e80000, 0x072c0000)
 tenured generation   total 87424K, used 31798K [0x0f2a0000, 0x14800000, 0x24800000)
   the space 87424K,  36% used [0x0f2a0000, 0x111adaf8, 0x111adc00, 0x14800000)
 Metaspace       used 17190K, capacity 17632K, committed 17664K, reserved 17792K
}
Event: 20.017 GC heap before
{Heap before GC invocations=5 (full 1):
 def new generation   total 39424K, used 39424K [0x04800000, 0x072c0000, 0x0f2a0000)
  eden space 35072K, 100% used [0x04800000, 0x06a40000, 0x06a40000)
  from space 4352K, 100% used [0x06a40000, 0x06e80000, 0x06e80000)
  to   space 4352K,   0% used [0x06e80000, 0x06e80000, 0x072c0000)
 tenured generation   total 87424K, used 31798K [0x0f2a0000, 0x14800000, 0x24800000)
   the space 87424K,  36% used [0x0f2a0000, 0x111adaf8, 0x111adc00, 0x14800000)
 Metaspace       used 17773K, capacity 18230K, committed 18304K, reserved 18816K
Event: 20.029 GC heap after
Heap after GC invocations=6 (full 1):
 def new generation   total 39424K, used 4352K [0x04800000, 0x072c0000, 0x0f2a0000)
  eden space 35072K,   0% used [0x04800000, 0x04800000, 0x06a40000)
  from space 4352K, 100% used [0x06e80000, 0x072c0000, 0x072c0000)
  to   space 4352K,   0% used [0x06a40000, 0x06a40000, 0x06e80000)
 tenured generation   total 87424K, used 35991K [0x0f2a0000, 0x14800000, 0x24800000)
   the space 87424K,  41% used [0x0f2a0000, 0x115c5d70, 0x115c5e00, 0x14800000)
 Metaspace       used 17773K, capacity 18230K, committed 18304K, reserved 18816K
}
Event: 51.558 GC heap before
{Heap before GC invocations=6 (full 1):
 def new generation   total 39424K, used 39424K [0x04800000, 0x072c0000, 0x0f2a0000)
  eden space 35072K, 100% used [0x04800000, 0x06a40000, 0x06a40000)
  from space 4352K, 100% used [0x06e80000, 0x072c0000, 0x072c0000)
  to   space 4352K,   0% used [0x06a40000, 0x06a40000, 0x06e80000)
 tenured generation   total 87424K, used 35991K [0x0f2a0000, 0x14800000, 0x24800000)
   the space 87424K,  41% used [0x0f2a0000, 0x115c5d70, 0x115c5e00, 0x14800000)
 Metaspace       used 17807K, capacity 18242K, committed 18304K, reserved 18816K
Event: 51.568 GC heap after
Heap after GC invocations=7 (full 1):
 def new generation   total 39424K, used 4258K [0x04800000, 0x072c0000, 0x0f2a0000)
  eden space 35072K,   0% used [0x04800000, 0x04800000, 0x06a40000)
  from space 4352K,  97% used [0x06a40000, 0x06e68ac8, 0x06e80000)
  to   space 4352K,   0% used [0x06e80000, 0x06e80000, 0x072c0000)
 tenured generation   total 87424K, used 39736K [0x0f2a0000, 0x14800000, 0x24800000)
   the space 87424K,  45% used [0x0f2a0000, 0x1196e338, 0x1196e400, 0x14800000)
 Metaspace       used 17807K, capacity 18242K, committed 18304K, reserved 18816K
}
Event: 64.154 GC heap before
{Heap before GC invocations=7 (full 1):
 def new generation   total 39424K, used 39330K [0x04800000, 0x072c0000, 0x0f2a0000)
  eden space 35072K, 100% used [0x04800000, 0x06a40000, 0x06a40000)
  from space 4352K,  97% used [0x06a40000, 0x06e68ac8, 0x06e80000)
  to   space 4352K,   0% used [0x06e80000, 0x06e80000, 0x072c0000)
 tenured generation   total 87424K, used 39736K [0x0f2a0000, 0x14800000, 0x24800000)
   the space 87424K,  45% used [0x0f2a0000, 0x1196e338, 0x1196e400, 0x14800000)
 Metaspace       used 18327K, capacity 18778K, committed 18816K, reserved 18816K
Event: 64.162 GC heap after
Heap after GC invocations=8 (full 1):
 def new generation   total 39424K, used 3357K [0x04800000, 0x072c0000, 0x0f2a0000)
  eden space 35072K,   0% used [0x04800000, 0x04800000, 0x06a40000)
  from space 4352K,  77% used [0x06e80000, 0x071c74c0, 0x072c0000)
  to   space 4352K,   0% used [0x06a40000, 0x06a40000, 0x06e80000)
 tenured generation   total 87424K, used 42986K [0x0f2a0000, 0x14800000, 0x24800000)
   the space 87424K,  49% used [0x0f2a0000, 0x11c9aaf8, 0x11c9ac00, 0x14800000)
 Metaspace       used 18327K, capacity 18778K, committed 18816K, reserved 18816K
}
Event: 97.701 GC heap before
{Heap before GC invocations=8 (full 1):
 def new generation   total 39424K, used 38429K [0x04800000, 0x072c0000, 0x0f2a0000)
  eden space 35072K, 100% used [0x04800000, 0x06a40000, 0x06a40000)
  from space 4352K,  77% used [0x06e80000, 0x071c74c0, 0x072c0000)
  to   space 4352K,   0% used [0x06a40000, 0x06a40000, 0x06e80000)
 tenured generation   total 87424K, used 42986K [0x0f2a0000, 0x14800000, 0x24800000)
   the space 87424K,  49% used [0x0f2a0000, 0x11c9aaf8, 0x11c9ac00, 0x14800000)
 Metaspace       used 18355K, capacity 18817K, committed 18944K, reserved 19840K
Event: 97.710 GC heap after
Heap after GC invocations=9 (full 1):
 def new generation   total 39424K, used 3704K [0x04800000, 0x072c0000, 0x0f2a0000)
  eden space 35072K,   0% used [0x04800000, 0x04800000, 0x06a40000)
  from space 4352K,  85% used [0x06a40000, 0x06dde030, 0x06e80000)
  to   space 4352K,   0% used [0x06e80000, 0x06e80000, 0x072c0000)
 tenured generation   total 87424K, used 45691K [0x0f2a0000, 0x14800000, 0x24800000)
   the space 87424K,  52% used [0x0f2a0000, 0x11f3ed80, 0x11f3ee00, 0x14800000)
 Metaspace       used 18355K, capacity 18817K, committed 18944K, reserved 19840K
}

